<?xml version="1.0" encoding="UTF-8"?>
<!-- Generated by org.testng.reporters.JUnitReportReporter -->
<testsuite hostname="SparX" failures="0" tests="4" name="com.tests.ParalletTest" time="23.369" errors="0" timestamp="2025-12-19T01:15:39 IST" skipped="0">
  <testcase classname="com.tests.ParalletTest" name="launinsta" time="6.085"/>
  <testcase classname="com.tests.ParalletTest" name="launchGit" time="6.745"/>
  <testcase classname="com.tests.ParalletTest" name="launchfb" time="4.671"/>
  <testcase classname="com.tests.ParalletTest" name="launchGoogleDoc" time="5.868"/>
</testsuite> <!-- com.tests.ParalletTest -->
