<?xml version="1.0" encoding="UTF-8"?>
<!-- Generated by org.testng.reporters.JUnitReportReporter -->
<testsuite hostname="SparX" failures="0" tests="5" name="com.tests.IgnoreTests" time="0.023" errors="0" timestamp="2025-12-04T00:08:05 IST" skipped="2">
  <testcase classname="com.tests.IgnoreTests" name="Loging" time="0.018"/>
  <testcase classname="com.tests.IgnoreTests" name="performAction" time="0.002"/>
  <testcase classname="com.tests.IgnoreTests" name="logout" time="0.003"/>
  <testcase classname="com.tests.IgnoreTests" name="enterCred">
    <skipped/>
  </testcase> <!-- enterCred -->
  <testcase classname="com.tests.IgnoreTests" name="launchWeb">
    <skipped/>
  </testcase> <!-- launchWeb -->
</testsuite> <!-- com.tests.IgnoreTests -->
