<?xml version="1.0" encoding="UTF-8"?>
<!-- Generated by org.testng.reporters.JUnitReportReporter -->
<testsuite hostname="SparX" failures="0" tests="6" name="com.tests.dataproviders.DataProviderIndices" time="0.021" errors="0" timestamp="2025-12-11T00:00:44 IST" skipped="0">
  <testcase classname="com.tests.dataproviders.DataProviderIndices" name="test" time="0.002"/>
  <testcase classname="com.tests.dataproviders.DataProviderIndices" name="test" time="0.002"/>
  <testcase classname="com.tests.dataproviders.DataProviderIndices" name="test" time="0.004"/>
  <testcase classname="com.tests.dataproviders.DataProviderIndices" name="test" time="0.002"/>
  <testcase classname="com.tests.dataproviders.DataProviderIndices" name="test" time="0.001"/>
  <testcase classname="com.tests.dataproviders.DataProviderIndices" name="test" time="0.010"/>
</testsuite> <!-- com.tests.dataproviders.DataProviderIndices -->
