<?xml version="1.0" encoding="UTF-8"?>
<!-- Generated by org.testng.reporters.JUnitReportReporter -->
<testsuite hostname="SparX" failures="0" tests="8" name="com.tests.dataproviders.TestGetDataFromExcel" time="0.071" errors="0" timestamp="2025-12-19T01:39:23 IST" skipped="0">
  <testcase classname="com.tests.dataproviders.TestGetDataFromExcel" name="getDataFromExcelDataProvider" time="0.007"/>
  <testcase classname="com.tests.dataproviders.TestGetDataFromExcel" name="getDataFromExcelDataProvider" time="0.005"/>
  <testcase classname="com.tests.dataproviders.TestGetDataFromExcel" name="getDataFromExcelDataProvider" time="0.018"/>
  <testcase classname="com.tests.dataproviders.TestGetDataFromExcel" name="getDataFromExcelDataProvider" time="0.004"/>
  <testcase classname="com.tests.dataproviders.TestGetDataFromExcel" name="getDataFromExcelDataProvider" time="0.008"/>
  <testcase classname="com.tests.dataproviders.TestGetDataFromExcel" name="getDataFromExcelDataProvider" time="0.017"/>
  <testcase classname="com.tests.dataproviders.TestGetDataFromExcel" name="getDataFromExcelDataProvider" time="0.004"/>
  <testcase classname="com.tests.dataproviders.TestGetDataFromExcel" name="getDataFromExcelDataProvider" time="0.008"/>
</testsuite> <!-- com.tests.dataproviders.TestGetDataFromExcel -->
