<?xml version="1.0" encoding="UTF-8"?>
<!-- Generated by org.testng.reporters.JUnitReportReporter -->
<testsuite hostname="SparX" failures="0" tests="8" name="com.tests.TestGetDataFromExcel" time="0.040" errors="0" timestamp="2025-12-19T01:26:36 IST" skipped="0">
  <testcase classname="com.tests.TestGetDataFromExcel" name="getDataFromExcelDataProvider" time="0.011"/>
  <testcase classname="com.tests.TestGetDataFromExcel" name="getDataFromExcelDataProvider" time="0.009"/>
  <testcase classname="com.tests.TestGetDataFromExcel" name="getDataFromExcelDataProvider" time="0.002"/>
  <testcase classname="com.tests.TestGetDataFromExcel" name="getDataFromExcelDataProvider" time="0.005"/>
  <testcase classname="com.tests.TestGetDataFromExcel" name="getDataFromExcelDataProvider" time="0.005"/>
  <testcase classname="com.tests.TestGetDataFromExcel" name="getDataFromExcelDataProvider" time="0.003"/>
  <testcase classname="com.tests.TestGetDataFromExcel" name="getDataFromExcelDataProvider" time="0.002"/>
  <testcase classname="com.tests.TestGetDataFromExcel" name="getDataFromExcelDataProvider" time="0.003"/>
</testsuite> <!-- com.tests.TestGetDataFromExcel -->
