<?xml version="1.0" encoding="UTF-8"?>
<!-- Generated by org.testng.reporters.JUnitReportReporter -->
<testsuite hostname="SparX" failures="0" tests="8" name="com.tests.TestGroups" time="0.128" errors="0" timestamp="2025-12-05T01:31:59 IST" skipped="0">
  <testcase classname="com.tests.TestGroups" name="test3" time="0.005"/>
  <testcase classname="com.tests.TestGroups" name="test2" time="0.010"/>
  <testcase classname="com.tests.TestGroups" name="test5" time="0.007"/>
  <testcase classname="com.tests.TestGroups" name="test7" time="0.001"/>
  <testcase classname="com.tests.TestGroups" name="test1" time="0.043"/>
  <testcase classname="com.tests.TestGroups" name="test8" time="0.005"/>
  <testcase classname="com.tests.TestGroups" name="test4" time="0.005"/>
  <testcase classname="com.tests.TestGroups" name="test6" time="0.052"/>
</testsuite> <!-- com.tests.TestGroups -->
