<?xml version="1.0" encoding="UTF-8"?>
<!-- Generated by org.testng.reporters.JUnitReportReporter -->
<testsuite hostname="SparX" failures="0" tests="6" name="com.tests.DataProviderTesting2" time="0.022" errors="0" timestamp="2025-12-09T01:17:08 IST" skipped="0">
  <testcase classname="com.tests.DataProviderTesting2" name="test" time="0.002"/>
  <testcase classname="com.tests.DataProviderTesting2" name="test" time="0.003"/>
  <testcase classname="com.tests.DataProviderTesting2" name="test" time="0.002"/>
  <testcase classname="com.tests.DataProviderTesting2" name="test" time="0.004"/>
  <testcase classname="com.tests.DataProviderTesting2" name="test" time="0.008"/>
  <testcase classname="com.tests.DataProviderTesting2" name="test" time="0.003"/>
</testsuite> <!-- com.tests.DataProviderTesting2 -->
