<?xml version="1.0" encoding="UTF-8"?>
<!-- Generated by org.testng.reporters.JUnitReportReporter -->
<testsuite hostname="SparX" failures="0" tests="4" name="com.tests.Prioritization" time="0.011" errors="0" timestamp="2025-12-03T23:55:19 IST" skipped="0">
  <testcase classname="com.tests.Prioritization" name="launchWeb" time="0.008"/>
  <testcase classname="com.tests.Prioritization" name="Loging" time="0.001"/>
  <testcase classname="com.tests.Prioritization" name="performAction" time="0.000"/>
  <testcase classname="com.tests.Prioritization" name="logout" time="0.002"/>
</testsuite> <!-- com.tests.Prioritization -->
