<?xml version="1.0" encoding="UTF-8"?>
<!-- Generated by org.testng.reporters.JUnitReportReporter -->
<testsuite hostname="SparX" failures="0" tests="4" name="com.tests.InnvocationCount" time="15.849" errors="0" timestamp="2025-12-19T01:08:03 IST" skipped="0">
  <testcase classname="com.tests.InnvocationCount" name="test" time="3.098"/>
  <testcase classname="com.tests.InnvocationCount" name="test" time="3.539"/>
  <testcase classname="com.tests.InnvocationCount" name="test" time="4.498"/>
  <testcase classname="com.tests.InnvocationCount" name="test" time="4.714"/>
</testsuite> <!-- com.tests.InnvocationCount -->
