<?xml version="1.0" encoding="UTF-8"?>
<!-- Generated by org.testng.reporters.JUnitReportReporter -->
<testsuite hostname="SparX" failures="0" tests="6" name="com.tests.DataProviderIndices" time="0.034" errors="0" timestamp="2025-12-09T23:40:15 IST" skipped="0">
  <testcase classname="com.tests.DataProviderIndices" name="test" time="0.003"/>
  <testcase classname="com.tests.DataProviderIndices" name="test" time="0.001"/>
  <testcase classname="com.tests.DataProviderIndices" name="test" time="0.006"/>
  <testcase classname="com.tests.DataProviderIndices" name="test" time="0.008"/>
  <testcase classname="com.tests.DataProviderIndices" name="test" time="0.012"/>
  <testcase classname="com.tests.DataProviderIndices" name="test" time="0.004"/>
</testsuite> <!-- com.tests.DataProviderIndices -->
