<?xml version="1.0" encoding="UTF-8"?>
<!-- Generated by org.testng.reporters.JUnitXMLReporter -->
<testsuite ignored="0" hostname="SparX" failures="0" tests="3" name="testingParameter" time="0.091" errors="0" timestamp="2025-12-19T01:35:06 IST">
  <testcase classname="com.tests.Parameterization" name="test1" time="0.012"/>
  <testcase classname="com.tests.Parameterization" name="test2" time="0.007"/>
  <testcase classname="com.tests.Parameterization" name="test3" time="0.002"/>
</testsuite> <!-- testingParameter -->
