<?xml version="1.0" encoding="UTF-8"?>
<!-- Generated by org.testng.reporters.JUnitXMLReporter -->
<testsuite ignored="6" hostname="SparX" failures="0" tests="2" name="Test Social" time="0.077" errors="0" timestamp="2025-12-04T00:39:38 IST">
  <testcase classname="com.tests.TestGroups" name="test5" time="0.013"/>
  <testcase classname="com.tests.TestGroups" name="test8" time="0.001"/>
  <testcase classname="com.tests.TestGroups" name="test1" time="0.0">
    <ignored/>
  </testcase> <!-- test1 -->
  <testcase classname="com.tests.TestGroups" name="test2" time="0.0">
    <ignored/>
  </testcase> <!-- test2 -->
  <testcase classname="com.tests.TestGroups" name="test3" time="0.0">
    <ignored/>
  </testcase> <!-- test3 -->
  <testcase classname="com.tests.TestGroups" name="test4" time="0.0">
    <ignored/>
  </testcase> <!-- test4 -->
  <testcase classname="com.tests.TestGroups" name="test6" time="0.0">
    <ignored/>
  </testcase> <!-- test6 -->
  <testcase classname="com.tests.TestGroups" name="test7" time="0.0">
    <ignored/>
  </testcase> <!-- test7 -->
</testsuite> <!-- Test Social -->
