<?xml version="1.0" encoding="UTF-8"?>
<!-- Generated by org.testng.reporters.JUnitXMLReporter -->
<testsuite ignored="2" hostname="SparX" failures="0" tests="2" name="Test Docs" time="7.532" errors="0" timestamp="2025-12-02T01:12:00 IST">
  <testcase classname="com.tests.Test1" name="launchGit" time="3.305"/>
  <testcase classname="com.tests.Test1" name="launchGoogleDoc" time="4.215"/>
  <testcase classname="com.tests.Test1" name="launchfb" time="0.0">
    <ignored/>
  </testcase> <!-- launchfb -->
  <testcase classname="com.tests.Test1" name="launinsta" time="0.0">
    <ignored/>
  </testcase> <!-- launinsta -->
</testsuite> <!-- Test Docs -->
